[debug] [2021-08-16T22:52:44.545Z] ----------------------------------------------------------------------
[debug] [2021-08-16T22:52:44.550Z] Command:       C:\Program Files\nodejs\node.exe C:\Users\Admin-PC\AppData\Roaming\npm\node_modules\firebase-tools\lib\bin\firebase.js init
[debug] [2021-08-16T22:52:44.551Z] CLI Version:   9.16.5
[debug] [2021-08-16T22:52:44.551Z] Platform:      win32
[debug] [2021-08-16T22:52:44.551Z] Node Version:  v12.18.3
[debug] [2021-08-16T22:52:44.554Z] Time:          Mon Aug 16 2021 23:52:44 GMT+0100 (GMT+01:00)
[debug] [2021-08-16T22:52:44.554Z] ----------------------------------------------------------------------
[debug] 
[debug] [2021-08-16T22:52:44.661Z] > command requires scopes: ["email","openid","https://www.googleapis.com/auth/cloudplatformprojects.readonly","https://www.googleapis.com/auth/firebase","https://www.googleapis.com/auth/cloud-platform"]
[debug] [2021-08-16T22:52:44.661Z] > authorizing via signed-in user (mailrecoverjee@gmail.com)
[info] 
     ######## #### ########  ######## ########     ###     ######  ########
     ##        ##  ##     ## ##       ##     ##  ##   ##  ##       ##
     ######    ##  ########  ######   ########  #########  ######  ######
     ##        ##  ##    ##  ##       ##     ## ##     ##       ## ##
     ##       #### ##     ## ######## ########  ##     ##  ######  ########

You're about to initialize a Firebase project in this directory:

  C:\Users\Admin-PC\Desktop\gamma-lean-engineering

Before we get started, keep in mind:

  * You are initializing within an existing Firebase project directory

[info] 
=== Project Setup
[info] 
[info] First, let's associate this project directory with a Firebase project.
[info] You can create multiple project aliases by running firebase use --add, 
[info] but for now we'll just set up a default project.
[info] 
[info] i  .firebaserc already has a default project, using gamma-lean-engineering. 
[debug] [2021-08-16T22:52:54.793Z] > refreshing access token with scopes: []
[debug] [2021-08-16T22:52:54.794Z] >>> HTTP REQUEST POST https://www.googleapis.com/oauth2/v3/token  
 <request body omitted>
[debug] [2021-08-16T22:52:55.376Z] <<< HTTP RESPONSE 200 {"cache-control":"no-cache, no-store, max-age=0, must-revalidate","expires":"Mon, 01 Jan 1990 00:00:00 GMT","pragma":"no-cache","date":"Mon, 16 Aug 2021 22:52:53 GMT","content-type":"application/json; charset=utf-8","vary":"X-Origin, Referer, Origin,Accept-Encoding","server":"scaffolding on HTTPServer2","x-xss-protection":"0","x-frame-options":"SAMEORIGIN","x-content-type-options":"nosniff","alt-svc":"h3=\":443\"; ma=2592000,h3-29=\":443\"; ma=2592000,h3-T051=\":443\"; ma=2592000,h3-Q050=\":443\"; ma=2592000,h3-Q046=\":443\"; ma=2592000,h3-Q043=\":443\"; ma=2592000,quic=\":443\"; ma=2592000; v=\"46,43\"","accept-ranges":"none","transfer-encoding":"chunked"}
[debug] [2021-08-16T22:52:55.458Z] >>> [apiv2][query] GET https://firebase.googleapis.com/v1beta1/projects/gamma-lean-engineering [none]
[debug] [2021-08-16T22:52:56.123Z] <<< [apiv2][status] GET https://firebase.googleapis.com/v1beta1/projects/gamma-lean-engineering 200
[debug] [2021-08-16T22:52:56.123Z] <<< [apiv2][body] GET https://firebase.googleapis.com/v1beta1/projects/gamma-lean-engineering {"projectId":"gamma-lean-engineering","projectNumber":"178114587067","displayName":"gamma-lean-engineering","name":"projects/gamma-lean-engineering","resources":{"hostingSite":"gamma-lean-engineering"},"state":"ACTIVE"}
[info] 
=== Hosting Setup
[info] 
[info] Your public directory is the folder (relative to your project directory) that
[info] will contain Hosting assets to be uploaded with firebase deploy. If you
[info] have a build process for your assets, use your build's output directory.
[info] 
